<?xml version="1.0" encoding="UTF-8"?>
<testsuites name="jest tests" tests="6" failures="6" errors="0" time="2.16">
  <testsuite name="Hacker Dormitory" errors="0" failures="6" skipped="0" timestamp="2023-09-24T17:09:53" time="1.485" tests="6">
    <testcase classname="Hacker Dormitory should add valid students in Residents list" name="Hacker Dormitory should add valid students in Residents list" time="0.055">
      <failure>TestingLibraryElementError: Unable to find an element by: [data-testid=&quot;residentsNameList&quot;]

Ignored nodes: comments, script, style
&lt;body&gt;
  &lt;div&gt;
    &lt;div
      class=&quot;App&quot;
    &gt;
      &lt;h8k-navbar
        header=&quot;Hacker Dormitory&quot;
      /&gt;
      &lt;div
        class=&quot;layout-column justify-content-center align-items-center w-50 mx-auto&quot;
      &gt;
        &lt;div
          class=&quot;my-50 layout-row align-items-end justify-content-end&quot;
        &gt;
          &lt;label
            for=&quot;studentName&quot;
          &gt;
            Student Name:
            &lt;div&gt;
              &lt;input
                class=&quot;mr-30 mt-10&quot;
                data-testid=&quot;studentName&quot;
                id=&quot;studentName&quot;
                type=&quot;text&quot;
              /&gt;
            &lt;/div&gt;
          &lt;/label&gt;
          &lt;label
            for=&quot;joiningDate&quot;
          &gt;
            Joining Date:
            &lt;div&gt;
              &lt;input
                class=&quot;mr-30 mt-10&quot;
                data-testid=&quot;joiningDate&quot;
                id=&quot;joiningDate&quot;
                type=&quot;date&quot;
              /&gt;
            &lt;/div&gt;
          &lt;/label&gt;
          &lt;button
            class=&quot;small mb-0&quot;
            data-testid=&quot;addBtn&quot;
            type=&quot;button&quot;
          &gt;
            Add
          &lt;/button&gt;
        &lt;/div&gt;
        &lt;div
          class=&quot;pa-10 mt-10 w-75&quot;
        &gt;
          &lt;div
            class=&quot;font-weight-bold text-center&quot;
          &gt;
            Residents List
          &lt;/div&gt;
        &lt;/div&gt;
      &lt;/div&gt;
    &lt;/div&gt;
  &lt;/div&gt;
&lt;/body&gt;
    at Object.getElementError (/projects/challenge/node_modules/@testing-library/dom/dist/config.js:37:19)
    at /projects/challenge/node_modules/@testing-library/dom/dist/query-helpers.js:76:38
    at /projects/challenge/node_modules/@testing-library/dom/dist/query-helpers.js:52:17
    at getByTestId (/projects/challenge/node_modules/@testing-library/dom/dist/query-helpers.js:95:19)
    at Object.&lt;anonymous&gt; (/projects/challenge/src/App.test.js:28:12)
    at Promise.then.completed (/projects/challenge/node_modules/jest-circus/build/utils.js:391:28)
    at new Promise (&lt;anonymous&gt;)
    at callAsyncCircusFn (/projects/challenge/node_modules/jest-circus/build/utils.js:316:10)
    at _callCircusHook (/projects/challenge/node_modules/jest-circus/build/run.js:181:40)
    at _runTest (/projects/challenge/node_modules/jest-circus/build/run.js:148:5)
    at _runTestsForDescribeBlock (/projects/challenge/node_modules/jest-circus/build/run.js:66:9)
    at _runTestsForDescribeBlock (/projects/challenge/node_modules/jest-circus/build/run.js:60:9)
    at run (/projects/challenge/node_modules/jest-circus/build/run.js:25:3)
    at runAndTransformResultsToJestFormat (/projects/challenge/node_modules/jest-circus/build/legacy-code-todo-rewrite/jestAdapterInit.js:170:21)
    at jestAdapter (/projects/challenge/node_modules/jest-circus/build/legacy-code-todo-rewrite/jestAdapter.js:82:19)
    at runTestInternal (/projects/challenge/node_modules/jest-runner/build/runTest.js:389:16)
    at runTest (/projects/challenge/node_modules/jest-runner/build/runTest.js:475:34)
    at TestRunner.runTests (/projects/challenge/node_modules/jest-runner/build/index.js:101:12)
    at TestScheduler.scheduleTests (/projects/challenge/node_modules/@jest/core/build/TestScheduler.js:333:13)
    at runJest (/projects/challenge/node_modules/@jest/core/build/runJest.js:404:19)
    at _run10000 (/projects/challenge/node_modules/@jest/core/build/cli/index.js:320:7)
    at runCLI (/projects/challenge/node_modules/@jest/core/build/cli/index.js:173:3)
    at Object.run (/projects/challenge/node_modules/jest-cli/build/cli/index.js:155:37)</failure>
    </testcase>
    <testcase classname="Hacker Dormitory should add valid students without case sensitivity" name="Hacker Dormitory should add valid students without case sensitivity" time="0.01">
      <failure>TestingLibraryElementError: Unable to find an element by: [data-testid=&quot;residentsNameList&quot;]

Ignored nodes: comments, script, style
&lt;body&gt;
  &lt;div&gt;
    &lt;div
      class=&quot;App&quot;
    &gt;
      &lt;h8k-navbar
        header=&quot;Hacker Dormitory&quot;
      /&gt;
      &lt;div
        class=&quot;layout-column justify-content-center align-items-center w-50 mx-auto&quot;
      &gt;
        &lt;div
          class=&quot;my-50 layout-row align-items-end justify-content-end&quot;
        &gt;
          &lt;label
            for=&quot;studentName&quot;
          &gt;
            Student Name:
            &lt;div&gt;
              &lt;input
                class=&quot;mr-30 mt-10&quot;
                data-testid=&quot;studentName&quot;
                id=&quot;studentName&quot;
                type=&quot;text&quot;
              /&gt;
            &lt;/div&gt;
          &lt;/label&gt;
          &lt;label
            for=&quot;joiningDate&quot;
          &gt;
            Joining Date:
            &lt;div&gt;
              &lt;input
                class=&quot;mr-30 mt-10&quot;
                data-testid=&quot;joiningDate&quot;
                id=&quot;joiningDate&quot;
                type=&quot;date&quot;
              /&gt;
            &lt;/div&gt;
          &lt;/label&gt;
          &lt;button
            class=&quot;small mb-0&quot;
            data-testid=&quot;addBtn&quot;
            type=&quot;button&quot;
          &gt;
            Add
          &lt;/button&gt;
        &lt;/div&gt;
        &lt;div
          class=&quot;pa-10 mt-10 w-75&quot;
        &gt;
          &lt;div
            class=&quot;font-weight-bold text-center&quot;
          &gt;
            Residents List
          &lt;/div&gt;
        &lt;/div&gt;
      &lt;/div&gt;
    &lt;/div&gt;
  &lt;/div&gt;
&lt;/body&gt;
    at Object.getElementError (/projects/challenge/node_modules/@testing-library/dom/dist/config.js:37:19)
    at /projects/challenge/node_modules/@testing-library/dom/dist/query-helpers.js:76:38
    at /projects/challenge/node_modules/@testing-library/dom/dist/query-helpers.js:52:17
    at getByTestId (/projects/challenge/node_modules/@testing-library/dom/dist/query-helpers.js:95:19)
    at Object.&lt;anonymous&gt; (/projects/challenge/src/App.test.js:28:12)
    at Promise.then.completed (/projects/challenge/node_modules/jest-circus/build/utils.js:391:28)
    at new Promise (&lt;anonymous&gt;)
    at callAsyncCircusFn (/projects/challenge/node_modules/jest-circus/build/utils.js:316:10)
    at _callCircusHook (/projects/challenge/node_modules/jest-circus/build/run.js:181:40)
    at _runTest (/projects/challenge/node_modules/jest-circus/build/run.js:148:5)
    at _runTestsForDescribeBlock (/projects/challenge/node_modules/jest-circus/build/run.js:66:9)
    at _runTestsForDescribeBlock (/projects/challenge/node_modules/jest-circus/build/run.js:60:9)
    at run (/projects/challenge/node_modules/jest-circus/build/run.js:25:3)
    at runAndTransformResultsToJestFormat (/projects/challenge/node_modules/jest-circus/build/legacy-code-todo-rewrite/jestAdapterInit.js:170:21)
    at jestAdapter (/projects/challenge/node_modules/jest-circus/build/legacy-code-todo-rewrite/jestAdapter.js:82:19)
    at runTestInternal (/projects/challenge/node_modules/jest-runner/build/runTest.js:389:16)
    at runTest (/projects/challenge/node_modules/jest-runner/build/runTest.js:475:34)
    at TestRunner.runTests (/projects/challenge/node_modules/jest-runner/build/index.js:101:12)
    at TestScheduler.scheduleTests (/projects/challenge/node_modules/@jest/core/build/TestScheduler.js:333:13)
    at runJest (/projects/challenge/node_modules/@jest/core/build/runJest.js:404:19)
    at _run10000 (/projects/challenge/node_modules/@jest/core/build/cli/index.js:320:7)
    at runCLI (/projects/challenge/node_modules/@jest/core/build/cli/index.js:173:3)
    at Object.run (/projects/challenge/node_modules/jest-cli/build/cli/index.js:155:37)</failure>
    </testcase>
    <testcase classname="Hacker Dormitory should clear the input fields after adding a new student" name="Hacker Dormitory should clear the input fields after adding a new student" time="0.008">
      <failure>TestingLibraryElementError: Unable to find an element by: [data-testid=&quot;residentsNameList&quot;]

Ignored nodes: comments, script, style
&lt;body&gt;
  &lt;div&gt;
    &lt;div
      class=&quot;App&quot;
    &gt;
      &lt;h8k-navbar
        header=&quot;Hacker Dormitory&quot;
      /&gt;
      &lt;div
        class=&quot;layout-column justify-content-center align-items-center w-50 mx-auto&quot;
      &gt;
        &lt;div
          class=&quot;my-50 layout-row align-items-end justify-content-end&quot;
        &gt;
          &lt;label
            for=&quot;studentName&quot;
          &gt;
            Student Name:
            &lt;div&gt;
              &lt;input
                class=&quot;mr-30 mt-10&quot;
                data-testid=&quot;studentName&quot;
                id=&quot;studentName&quot;
                type=&quot;text&quot;
              /&gt;
            &lt;/div&gt;
          &lt;/label&gt;
          &lt;label
            for=&quot;joiningDate&quot;
          &gt;
            Joining Date:
            &lt;div&gt;
              &lt;input
                class=&quot;mr-30 mt-10&quot;
                data-testid=&quot;joiningDate&quot;
                id=&quot;joiningDate&quot;
                type=&quot;date&quot;
              /&gt;
            &lt;/div&gt;
          &lt;/label&gt;
          &lt;button
            class=&quot;small mb-0&quot;
            data-testid=&quot;addBtn&quot;
            type=&quot;button&quot;
          &gt;
            Add
          &lt;/button&gt;
        &lt;/div&gt;
        &lt;div
          class=&quot;pa-10 mt-10 w-75&quot;
        &gt;
          &lt;div
            class=&quot;font-weight-bold text-center&quot;
          &gt;
            Residents List
          &lt;/div&gt;
        &lt;/div&gt;
      &lt;/div&gt;
    &lt;/div&gt;
  &lt;/div&gt;
&lt;/body&gt;
    at Object.getElementError (/projects/challenge/node_modules/@testing-library/dom/dist/config.js:37:19)
    at /projects/challenge/node_modules/@testing-library/dom/dist/query-helpers.js:76:38
    at /projects/challenge/node_modules/@testing-library/dom/dist/query-helpers.js:52:17
    at getByTestId (/projects/challenge/node_modules/@testing-library/dom/dist/query-helpers.js:95:19)
    at Object.&lt;anonymous&gt; (/projects/challenge/src/App.test.js:28:12)
    at Promise.then.completed (/projects/challenge/node_modules/jest-circus/build/utils.js:391:28)
    at new Promise (&lt;anonymous&gt;)
    at callAsyncCircusFn (/projects/challenge/node_modules/jest-circus/build/utils.js:316:10)
    at _callCircusHook (/projects/challenge/node_modules/jest-circus/build/run.js:181:40)
    at _runTest (/projects/challenge/node_modules/jest-circus/build/run.js:148:5)
    at _runTestsForDescribeBlock (/projects/challenge/node_modules/jest-circus/build/run.js:66:9)
    at _runTestsForDescribeBlock (/projects/challenge/node_modules/jest-circus/build/run.js:60:9)
    at run (/projects/challenge/node_modules/jest-circus/build/run.js:25:3)
    at runAndTransformResultsToJestFormat (/projects/challenge/node_modules/jest-circus/build/legacy-code-todo-rewrite/jestAdapterInit.js:170:21)
    at jestAdapter (/projects/challenge/node_modules/jest-circus/build/legacy-code-todo-rewrite/jestAdapter.js:82:19)
    at runTestInternal (/projects/challenge/node_modules/jest-runner/build/runTest.js:389:16)
    at runTest (/projects/challenge/node_modules/jest-runner/build/runTest.js:475:34)
    at TestRunner.runTests (/projects/challenge/node_modules/jest-runner/build/index.js:101:12)
    at TestScheduler.scheduleTests (/projects/challenge/node_modules/@jest/core/build/TestScheduler.js:333:13)
    at runJest (/projects/challenge/node_modules/@jest/core/build/runJest.js:404:19)
    at _run10000 (/projects/challenge/node_modules/@jest/core/build/cli/index.js:320:7)
    at runCLI (/projects/challenge/node_modules/@jest/core/build/cli/index.js:173:3)
    at Object.run (/projects/challenge/node_modules/jest-cli/build/cli/index.js:155:37)</failure>
    </testcase>
    <testcase classname="Hacker Dormitory should show error on trying to add a student who is not in the list" name="Hacker Dormitory should show error on trying to add a student who is not in the list" time="0.007">
      <failure>TestingLibraryElementError: Unable to find an element by: [data-testid=&quot;residentsNameList&quot;]

Ignored nodes: comments, script, style
&lt;body&gt;
  &lt;div&gt;
    &lt;div
      class=&quot;App&quot;
    &gt;
      &lt;h8k-navbar
        header=&quot;Hacker Dormitory&quot;
      /&gt;
      &lt;div
        class=&quot;layout-column justify-content-center align-items-center w-50 mx-auto&quot;
      &gt;
        &lt;div
          class=&quot;my-50 layout-row align-items-end justify-content-end&quot;
        &gt;
          &lt;label
            for=&quot;studentName&quot;
          &gt;
            Student Name:
            &lt;div&gt;
              &lt;input
                class=&quot;mr-30 mt-10&quot;
                data-testid=&quot;studentName&quot;
                id=&quot;studentName&quot;
                type=&quot;text&quot;
              /&gt;
            &lt;/div&gt;
          &lt;/label&gt;
          &lt;label
            for=&quot;joiningDate&quot;
          &gt;
            Joining Date:
            &lt;div&gt;
              &lt;input
                class=&quot;mr-30 mt-10&quot;
                data-testid=&quot;joiningDate&quot;
                id=&quot;joiningDate&quot;
                type=&quot;date&quot;
              /&gt;
            &lt;/div&gt;
          &lt;/label&gt;
          &lt;button
            class=&quot;small mb-0&quot;
            data-testid=&quot;addBtn&quot;
            type=&quot;button&quot;
          &gt;
            Add
          &lt;/button&gt;
        &lt;/div&gt;
        &lt;div
          class=&quot;pa-10 mt-10 w-75&quot;
        &gt;
          &lt;div
            class=&quot;font-weight-bold text-center&quot;
          &gt;
            Residents List
          &lt;/div&gt;
        &lt;/div&gt;
      &lt;/div&gt;
    &lt;/div&gt;
  &lt;/div&gt;
&lt;/body&gt;
    at Object.getElementError (/projects/challenge/node_modules/@testing-library/dom/dist/config.js:37:19)
    at /projects/challenge/node_modules/@testing-library/dom/dist/query-helpers.js:76:38
    at /projects/challenge/node_modules/@testing-library/dom/dist/query-helpers.js:52:17
    at getByTestId (/projects/challenge/node_modules/@testing-library/dom/dist/query-helpers.js:95:19)
    at Object.&lt;anonymous&gt; (/projects/challenge/src/App.test.js:28:12)
    at Promise.then.completed (/projects/challenge/node_modules/jest-circus/build/utils.js:391:28)
    at new Promise (&lt;anonymous&gt;)
    at callAsyncCircusFn (/projects/challenge/node_modules/jest-circus/build/utils.js:316:10)
    at _callCircusHook (/projects/challenge/node_modules/jest-circus/build/run.js:181:40)
    at _runTest (/projects/challenge/node_modules/jest-circus/build/run.js:148:5)
    at _runTestsForDescribeBlock (/projects/challenge/node_modules/jest-circus/build/run.js:66:9)
    at _runTestsForDescribeBlock (/projects/challenge/node_modules/jest-circus/build/run.js:60:9)
    at run (/projects/challenge/node_modules/jest-circus/build/run.js:25:3)
    at runAndTransformResultsToJestFormat (/projects/challenge/node_modules/jest-circus/build/legacy-code-todo-rewrite/jestAdapterInit.js:170:21)
    at jestAdapter (/projects/challenge/node_modules/jest-circus/build/legacy-code-todo-rewrite/jestAdapter.js:82:19)
    at runTestInternal (/projects/challenge/node_modules/jest-runner/build/runTest.js:389:16)
    at runTest (/projects/challenge/node_modules/jest-runner/build/runTest.js:475:34)
    at TestRunner.runTests (/projects/challenge/node_modules/jest-runner/build/index.js:101:12)
    at TestScheduler.scheduleTests (/projects/challenge/node_modules/@jest/core/build/TestScheduler.js:333:13)
    at runJest (/projects/challenge/node_modules/@jest/core/build/runJest.js:404:19)
    at _run10000 (/projects/challenge/node_modules/@jest/core/build/cli/index.js:320:7)
    at runCLI (/projects/challenge/node_modules/@jest/core/build/cli/index.js:173:3)
    at Object.run (/projects/challenge/node_modules/jest-cli/build/cli/index.js:155:37)</failure>
    </testcase>
    <testcase classname="Hacker Dormitory should show error on trying to add a student whose validity has expired" name="Hacker Dormitory should show error on trying to add a student whose validity has expired" time="0.01">
      <failure>TestingLibraryElementError: Unable to find an element by: [data-testid=&quot;residentsNameList&quot;]

Ignored nodes: comments, script, style
&lt;body&gt;
  &lt;div&gt;
    &lt;div
      class=&quot;App&quot;
    &gt;
      &lt;h8k-navbar
        header=&quot;Hacker Dormitory&quot;
      /&gt;
      &lt;div
        class=&quot;layout-column justify-content-center align-items-center w-50 mx-auto&quot;
      &gt;
        &lt;div
          class=&quot;my-50 layout-row align-items-end justify-content-end&quot;
        &gt;
          &lt;label
            for=&quot;studentName&quot;
          &gt;
            Student Name:
            &lt;div&gt;
              &lt;input
                class=&quot;mr-30 mt-10&quot;
                data-testid=&quot;studentName&quot;
                id=&quot;studentName&quot;
                type=&quot;text&quot;
              /&gt;
            &lt;/div&gt;
          &lt;/label&gt;
          &lt;label
            for=&quot;joiningDate&quot;
          &gt;
            Joining Date:
            &lt;div&gt;
              &lt;input
                class=&quot;mr-30 mt-10&quot;
                data-testid=&quot;joiningDate&quot;
                id=&quot;joiningDate&quot;
                type=&quot;date&quot;
              /&gt;
            &lt;/div&gt;
          &lt;/label&gt;
          &lt;button
            class=&quot;small mb-0&quot;
            data-testid=&quot;addBtn&quot;
            type=&quot;button&quot;
          &gt;
            Add
          &lt;/button&gt;
        &lt;/div&gt;
        &lt;div
          class=&quot;pa-10 mt-10 w-75&quot;
        &gt;
          &lt;div
            class=&quot;font-weight-bold text-center&quot;
          &gt;
            Residents List
          &lt;/div&gt;
        &lt;/div&gt;
      &lt;/div&gt;
    &lt;/div&gt;
  &lt;/div&gt;
&lt;/body&gt;
    at Object.getElementError (/projects/challenge/node_modules/@testing-library/dom/dist/config.js:37:19)
    at /projects/challenge/node_modules/@testing-library/dom/dist/query-helpers.js:76:38
    at /projects/challenge/node_modules/@testing-library/dom/dist/query-helpers.js:52:17
    at getByTestId (/projects/challenge/node_modules/@testing-library/dom/dist/query-helpers.js:95:19)
    at Object.&lt;anonymous&gt; (/projects/challenge/src/App.test.js:28:12)
    at Promise.then.completed (/projects/challenge/node_modules/jest-circus/build/utils.js:391:28)
    at new Promise (&lt;anonymous&gt;)
    at callAsyncCircusFn (/projects/challenge/node_modules/jest-circus/build/utils.js:316:10)
    at _callCircusHook (/projects/challenge/node_modules/jest-circus/build/run.js:181:40)
    at _runTest (/projects/challenge/node_modules/jest-circus/build/run.js:148:5)
    at _runTestsForDescribeBlock (/projects/challenge/node_modules/jest-circus/build/run.js:66:9)
    at _runTestsForDescribeBlock (/projects/challenge/node_modules/jest-circus/build/run.js:60:9)
    at run (/projects/challenge/node_modules/jest-circus/build/run.js:25:3)
    at runAndTransformResultsToJestFormat (/projects/challenge/node_modules/jest-circus/build/legacy-code-todo-rewrite/jestAdapterInit.js:170:21)
    at jestAdapter (/projects/challenge/node_modules/jest-circus/build/legacy-code-todo-rewrite/jestAdapter.js:82:19)
    at runTestInternal (/projects/challenge/node_modules/jest-runner/build/runTest.js:389:16)
    at runTest (/projects/challenge/node_modules/jest-runner/build/runTest.js:475:34)
    at TestRunner.runTests (/projects/challenge/node_modules/jest-runner/build/index.js:101:12)
    at TestScheduler.scheduleTests (/projects/challenge/node_modules/@jest/core/build/TestScheduler.js:333:13)
    at runJest (/projects/challenge/node_modules/@jest/core/build/runJest.js:404:19)
    at _run10000 (/projects/challenge/node_modules/@jest/core/build/cli/index.js:320:7)
    at runCLI (/projects/challenge/node_modules/@jest/core/build/cli/index.js:173:3)
    at Object.run (/projects/challenge/node_modules/jest-cli/build/cli/index.js:155:37)</failure>
    </testcase>
    <testcase classname="Hacker Dormitory should hold the correct list and error message after series of Students addition" name="Hacker Dormitory should hold the correct list and error message after series of Students addition" time="0.007">
      <failure>TestingLibraryElementError: Unable to find an element by: [data-testid=&quot;residentsNameList&quot;]

Ignored nodes: comments, script, style
&lt;body&gt;
  &lt;div&gt;
    &lt;div
      class=&quot;App&quot;
    &gt;
      &lt;h8k-navbar
        header=&quot;Hacker Dormitory&quot;
      /&gt;
      &lt;div
        class=&quot;layout-column justify-content-center align-items-center w-50 mx-auto&quot;
      &gt;
        &lt;div
          class=&quot;my-50 layout-row align-items-end justify-content-end&quot;
        &gt;
          &lt;label
            for=&quot;studentName&quot;
          &gt;
            Student Name:
            &lt;div&gt;
              &lt;input
                class=&quot;mr-30 mt-10&quot;
                data-testid=&quot;studentName&quot;
                id=&quot;studentName&quot;
                type=&quot;text&quot;
              /&gt;
            &lt;/div&gt;
          &lt;/label&gt;
          &lt;label
            for=&quot;joiningDate&quot;
          &gt;
            Joining Date:
            &lt;div&gt;
              &lt;input
                class=&quot;mr-30 mt-10&quot;
                data-testid=&quot;joiningDate&quot;
                id=&quot;joiningDate&quot;
                type=&quot;date&quot;
              /&gt;
            &lt;/div&gt;
          &lt;/label&gt;
          &lt;button
            class=&quot;small mb-0&quot;
            data-testid=&quot;addBtn&quot;
            type=&quot;button&quot;
          &gt;
            Add
          &lt;/button&gt;
        &lt;/div&gt;
        &lt;div
          class=&quot;pa-10 mt-10 w-75&quot;
        &gt;
          &lt;div
            class=&quot;font-weight-bold text-center&quot;
          &gt;
            Residents List
          &lt;/div&gt;
        &lt;/div&gt;
      &lt;/div&gt;
    &lt;/div&gt;
  &lt;/div&gt;
&lt;/body&gt;
    at Object.getElementError (/projects/challenge/node_modules/@testing-library/dom/dist/config.js:37:19)
    at /projects/challenge/node_modules/@testing-library/dom/dist/query-helpers.js:76:38
    at /projects/challenge/node_modules/@testing-library/dom/dist/query-helpers.js:52:17
    at getByTestId (/projects/challenge/node_modules/@testing-library/dom/dist/query-helpers.js:95:19)
    at Object.&lt;anonymous&gt; (/projects/challenge/src/App.test.js:28:12)
    at Promise.then.completed (/projects/challenge/node_modules/jest-circus/build/utils.js:391:28)
    at new Promise (&lt;anonymous&gt;)
    at callAsyncCircusFn (/projects/challenge/node_modules/jest-circus/build/utils.js:316:10)
    at _callCircusHook (/projects/challenge/node_modules/jest-circus/build/run.js:181:40)
    at _runTest (/projects/challenge/node_modules/jest-circus/build/run.js:148:5)
    at _runTestsForDescribeBlock (/projects/challenge/node_modules/jest-circus/build/run.js:66:9)
    at _runTestsForDescribeBlock (/projects/challenge/node_modules/jest-circus/build/run.js:60:9)
    at run (/projects/challenge/node_modules/jest-circus/build/run.js:25:3)
    at runAndTransformResultsToJestFormat (/projects/challenge/node_modules/jest-circus/build/legacy-code-todo-rewrite/jestAdapterInit.js:170:21)
    at jestAdapter (/projects/challenge/node_modules/jest-circus/build/legacy-code-todo-rewrite/jestAdapter.js:82:19)
    at runTestInternal (/projects/challenge/node_modules/jest-runner/build/runTest.js:389:16)
    at runTest (/projects/challenge/node_modules/jest-runner/build/runTest.js:475:34)
    at TestRunner.runTests (/projects/challenge/node_modules/jest-runner/build/index.js:101:12)
    at TestScheduler.scheduleTests (/projects/challenge/node_modules/@jest/core/build/TestScheduler.js:333:13)
    at runJest (/projects/challenge/node_modules/@jest/core/build/runJest.js:404:19)
    at _run10000 (/projects/challenge/node_modules/@jest/core/build/cli/index.js:320:7)
    at runCLI (/projects/challenge/node_modules/@jest/core/build/cli/index.js:173:3)
    at Object.run (/projects/challenge/node_modules/jest-cli/build/cli/index.js:155:37)</failure>
    </testcase>
  </testsuite>
</testsuites>